<?xml version="1.0" encoding="UTF-8"?>
<testsuites tests="19" failures="1" disabled="0" errors="0" timestamp="2017-10-21T11:28:17" time="0.357" name="AllTests">
  <testsuite name="Multiplier_node_handler_test" tests="8" failures="1" disabled="0" errors="0" time="0.357">
    <testcase name="Multiplier_node_handler_test_1" status="run" time="0.015" classname="Multiplier_node_handler_test" />
    <testcase name="Multiplier_node_handler_test_2" status="run" time="0" classname="Multiplier_node_handler_test" />
    <testcase name="Multiplier_node_handler_test_3" status="run" time="0" classname="Multiplier_node_handler_test" />
    <testcase name="Multiplier_node_handler_test_4" status="run" time="0" classname="Multiplier_node_handler_test" />
    <testcase name="Multiplier_node_handler_test_5" status="run" time="0" classname="Multiplier_node_handler_test" />
    <testcase name="Multiplier_node_handler_test_6" status="run" time="0.341" classname="Multiplier_node_handler_test" />
    <testcase name="Multiplier_node_handler_test_7" status="run" time="0" classname="Multiplier_node_handler_test">
      <failure message="/home/ubuntu/bmw_ros_multiplicator/ROS_Example/src/ros_arithmetic/test/number_arithmetic_test.cc:176&#x0A;Value of: multiplier_node_handler_ == NULL&#x0A;  Actual: false&#x0A;Expected: true" type=""><![CDATA[/home/ubuntu/bmw_ros_multiplicator/ROS_Example/src/ros_arithmetic/test/number_arithmetic_test.cc:176
Value of: multiplier_node_handler_ == NULL
  Actual: false
Expected: true]]></failure>
    </testcase>
    <testcase name="Multiplier_node_handler_test_8" status="run" time="0" classname="Multiplier_node_handler_test" />
  </testsuite>
  <testsuite name="Number_Multiplier_test" tests="1" failures="0" disabled="0" errors="0" time="0">
    <testcase name="Number_Multiplier_test_1" status="run" time="0" classname="Number_Multiplier_test" />
  </testsuite>
  <testsuite name="Multiplier_arithmetic_test" tests="2" failures="0" disabled="0" errors="0" time="0">
    <testcase name="Multiplier_arithmetic_test_1" status="run" time="0" classname="Multiplier_arithmetic_test" />
    <testcase name="Multiplier_arithmetic_test_2" status="run" time="0" classname="Multiplier_arithmetic_test" />
  </testsuite>
  <testsuite name="Communication_factory_test" tests="3" failures="0" disabled="0" errors="0" time="0">
    <testcase name="Communication_factory_test_1" status="run" time="0" classname="Communication_factory_test" />
    <testcase name="Communication_factory_test_2" status="run" time="0" classname="Communication_factory_test" />
    <testcase name="Communication_factory_test_3" status="run" time="0" classname="Communication_factory_test" />
  </testsuite>
  <testsuite name="PublishSubscribe_test" tests="4" failures="0" disabled="0" errors="0" time="0">
    <testcase name="PublishSubscribe_test_1" status="run" time="0" classname="PublishSubscribe_test" />
    <testcase name="PublishSubscribe_test_2" status="run" time="0" classname="PublishSubscribe_test" />
    <testcase name="PublishSubscribe_test_3" status="run" time="0" classname="PublishSubscribe_test" />
    <testcase name="PublishSubscribe_test_4" status="run" time="0" classname="PublishSubscribe_test" />
  </testsuite>
  <testsuite name="number_arithmetic_factory_test" tests="1" failures="0" disabled="0" errors="0" time="0">
    <testcase name="number_arithmetic_factory_test_3" status="run" time="0" classname="number_arithmetic_factory_test" />
  </testsuite>
</testsuites>
