<?xml version="1.0" encoding="UTF-8"?>
<testsuites tests="14" failures="7" disabled="0" errors="0" timestamp="2017-10-21T11:28:16" time="0.013" name="AllTests">
  <testsuite name="NumberGeneratorLCG_test" tests="4" failures="0" disabled="0" errors="0" time="0">
    <testcase name="GenerateNumber_test_1" status="run" time="0" classname="NumberGeneratorLCG_test" />
    <testcase name="GenerateNumber_test_2" status="run" time="0" classname="NumberGeneratorLCG_test" />
    <testcase name="GenerateNumber_test_3" status="run" time="0" classname="NumberGeneratorLCG_test" />
    <testcase name="GenerateNumber_test_4" status="run" time="0" classname="NumberGeneratorLCG_test" />
  </testsuite>
  <testsuite name="NumberGeneratorSRand_test" tests="3" failures="0" disabled="0" errors="0" time="0.001">
    <testcase name="GenerateNumber_test_1" status="run" time="0" classname="NumberGeneratorSRand_test" />
    <testcase name="GenerateNumber_test_2" status="run" time="0" classname="NumberGeneratorSRand_test" />
    <testcase name="GenerateNumber_test_3" status="run" time="0" classname="NumberGeneratorSRand_test" />
  </testsuite>
  <testsuite name="NumberGeneratorLCG_Negtest" tests="4" failures="4" disabled="0" errors="0" time="0.005">
    <testcase name="GenerateNumber_test_1" status="run" time="0.005" classname="NumberGeneratorLCG_Negtest">
      <failure message="/home/ubuntu/bmw_ros_multiplicator/ROS_Example/src/ros_number_generator/test/number_generator_test.cc:223&#x0A;Expected: (number1) &lt; (number2), actual: 101 vs 11" type=""><![CDATA[/home/ubuntu/bmw_ros_multiplicator/ROS_Example/src/ros_number_generator/test/number_generator_test.cc:223
Expected: (number1) < (number2), actual: 101 vs 11]]></failure>
    </testcase>
    <testcase name="GenerateNumber_test_2" status="run" time="0" classname="NumberGeneratorLCG_Negtest">
      <failure message="/home/ubuntu/bmw_ros_multiplicator/ROS_Example/src/ros_number_generator/test/number_generator_test.cc:234&#x0A;Expected: (number1) &lt; (number2), actual: 101 vs 11" type=""><![CDATA[/home/ubuntu/bmw_ros_multiplicator/ROS_Example/src/ros_number_generator/test/number_generator_test.cc:234
Expected: (number1) < (number2), actual: 101 vs 11]]></failure>
    </testcase>
    <testcase name="GenerateNumber_test_3" status="run" time="0" classname="NumberGeneratorLCG_Negtest">
      <failure message="/home/ubuntu/bmw_ros_multiplicator/ROS_Example/src/ros_number_generator/test/number_generator_test.cc:245&#x0A;Value of: (expected1&lt;actual) &amp;&amp; (expected2&gt;actual)&#x0A;  Actual: true&#x0A;Expected: false" type=""><![CDATA[/home/ubuntu/bmw_ros_multiplicator/ROS_Example/src/ros_number_generator/test/number_generator_test.cc:245
Value of: (expected1<actual) && (expected2>actual)
  Actual: true
Expected: false]]></failure>
    </testcase>
    <testcase name="GenerateNumber_test_4" status="run" time="0" classname="NumberGeneratorLCG_Negtest">
      <failure message="/home/ubuntu/bmw_ros_multiplicator/ROS_Example/src/ros_number_generator/test/number_generator_test.cc:253&#x0A;Value of: expected_string&#x0A;  Actual: &quot;Default CPP SRand Generator&quot;&#x0A;Expected: actual_string&#x0A;Which is: &quot;Linear Congruential Generator&quot;" type=""><![CDATA[/home/ubuntu/bmw_ros_multiplicator/ROS_Example/src/ros_number_generator/test/number_generator_test.cc:253
Value of: expected_string
  Actual: "Default CPP SRand Generator"
Expected: actual_string
Which is: "Linear Congruential Generator"]]></failure>
    </testcase>
  </testsuite>
  <testsuite name="NumberGeneratorSRand_Negtest" tests="3" failures="3" disabled="0" errors="0" time="0.005">
    <testcase name="GenerateNumber_test_1" status="run" time="0" classname="NumberGeneratorSRand_Negtest">
      <failure message="/home/ubuntu/bmw_ros_multiplicator/ROS_Example/src/ros_number_generator/test/number_generator_test.cc:263&#x0A;Expected: (number1) &lt; (number2), actual: 101 vs 89" type=""><![CDATA[/home/ubuntu/bmw_ros_multiplicator/ROS_Example/src/ros_number_generator/test/number_generator_test.cc:263
Expected: (number1) < (number2), actual: 101 vs 89]]></failure>
    </testcase>
    <testcase name="GenerateNumber_test_2" status="run" time="0.004" classname="NumberGeneratorSRand_Negtest">
      <failure message="/home/ubuntu/bmw_ros_multiplicator/ROS_Example/src/ros_number_generator/test/number_generator_test.cc:274&#x0A;Value of: (expected1&lt;actual) &amp;&amp; (expected2&gt;actual)&#x0A;  Actual: true&#x0A;Expected: false" type=""><![CDATA[/home/ubuntu/bmw_ros_multiplicator/ROS_Example/src/ros_number_generator/test/number_generator_test.cc:274
Value of: (expected1<actual) && (expected2>actual)
  Actual: true
Expected: false]]></failure>
    </testcase>
    <testcase name="GenerateNumber_test_3" status="run" time="0" classname="NumberGeneratorSRand_Negtest">
      <failure message="/home/ubuntu/bmw_ros_multiplicator/ROS_Example/src/ros_number_generator/test/number_generator_test.cc:282&#x0A;Value of: expected_string&#x0A;  Actual: &quot;Linear Congruential Generator&quot;&#x0A;Expected: actual_string&#x0A;Which is: &quot;Default CPP SRand Generator&quot;" type=""><![CDATA[/home/ubuntu/bmw_ros_multiplicator/ROS_Example/src/ros_number_generator/test/number_generator_test.cc:282
Value of: expected_string
  Actual: "Linear Congruential Generator"
Expected: actual_string
Which is: "Default CPP SRand Generator"]]></failure>
    </testcase>
  </testsuite>
</testsuites>
